{
  "RSpec": {
    "coverage": {
      "/Users/edobrien/Documents/projects/rps-js/app/server.rb": [
        1,
        1,
        1,
        1,
        1,
        1,
        1,
        null,
        1,
        null,
        1,
        null,
        1,
        1,
        null,
        1,
        1,
        null,
        null,
        1,
        null,
        null,
        null,
        1,
        1,
        1,
        1,
        1
      ],
      "/Users/edobrien/Documents/projects/rps-js/app/data_mapper_setup.rb": [
        1,
        null,
        1,
        null,
        1,
        null,
        1,
        1,
        null,
        1
      ],
      "/Users/edobrien/Documents/projects/rps-js/app/models/user.rb": [
        1,
        null,
        1,
        null,
        1,
        null,
        1,
        1,
        null,
        1,
        null,
        1,
        1,
        1,
        null,
        1,
        1,
        null,
        1,
        null,
        null,
        1,
        18,
        18,
        null,
        null,
        1,
        6,
        6,
        null,
        null,
        null
      ],
      "/Users/edobrien/Documents/projects/rps-js/app/models/game.rb": [
        1,
        null,
        1,
        null,
        1,
        null,
        1,
        1,
        null,
        null
      ],
      "/Users/edobrien/Documents/projects/rps-js/app/helpers/application.rb": [
        1,
        null,
        1,
        34,
        null,
        null,
        null
      ],
      "/Users/edobrien/Documents/projects/rps-js/app/controllers/home.rb": [
        1,
        null,
        1,
        11,
        null,
        null,
        null
      ],
      "/Users/edobrien/Documents/projects/rps-js/app/controllers/users.rb": [
        1,
        null,
        1,
        7,
        7,
        null,
        null,
        1,
        6,
        null,
        null,
        null,
        6,
        3,
        3,
        null,
        3,
        3,
        null,
        null,
        null,
        null
      ],
      "/Users/edobrien/Documents/projects/rps-js/app/controllers/sessions.rb": [
        1,
        null,
        1,
        6,
        null,
        null,
        1,
        6,
        6,
        6,
        5,
        5,
        null,
        1,
        1,
        null,
        null,
        null,
        1,
        1,
        1,
        1,
        null,
        null,
        null
      ],
      "/Users/edobrien/Documents/projects/rps-js/app/controllers/reset_password.rb": [
        1,
        null,
        1,
        4,
        2,
        130,
        2,
        2,
        2,
        null,
        2,
        null,
        null,
        null,
        1,
        5,
        5,
        1,
        null,
        4,
        2,
        2,
        2,
        2,
        2,
        1,
        1,
        null,
        1,
        null,
        null,
        2,
        2,
        null,
        null,
        null,
        null,
        null
      ],
      "/Users/edobrien/Documents/projects/rps-js/app/controllers/game.rb": [
        1,
        null,
        1,
        2,
        null,
        2,
        null,
        null,
        1,
        0,
        null,
        null,
        1,
        0,
        null,
        null,
        null
      ],
      "/Users/edobrien/Documents/projects/rps-js/spec/features/game_management_spec.rb": [
        1,
        1,
        null,
        1,
        null,
        1,
        null,
        1,
        2,
        null,
        2,
        null,
        null,
        null,
        1,
        2,
        2,
        2,
        1,
        null,
        null,
        1,
        1,
        1,
        1,
        1,
        null,
        null,
        1,
        1,
        1,
        1,
        null,
        1,
        1,
        1,
        1,
        0,
        null,
        null,
        null,
        null,
        null
      ],
      "/Users/edobrien/Documents/projects/rps-js/spec/features/helpers/sessions.rb": [
        1,
        null,
        1,
        6,
        6,
        6,
        6,
        null,
        null,
        1,
        null,
        6,
        6,
        6,
        6,
        6,
        6,
        6,
        null,
        null,
        1,
        2,
        2,
        2,
        2,
        null,
        null,
        1,
        null,
        2,
        2,
        2,
        null,
        null,
        null
      ],
      "/Users/edobrien/Documents/projects/rps-js/spec/features/user_management_spec.rb": [
        1,
        1,
        null,
        1,
        null,
        1,
        1,
        2,
        1,
        1,
        null,
        null,
        1,
        2,
        1,
        1,
        null,
        null,
        null,
        1,
        2,
        2,
        1,
        null,
        null,
        1,
        2,
        2,
        1,
        null,
        null,
        null,
        null,
        1,
        null,
        1,
        2,
        null,
        null,
        null,
        1,
        1,
        1,
        1,
        1,
        null,
        null,
        1,
        1,
        1,
        1,
        1,
        null,
        null,
        null,
        null,
        1,
        null,
        1,
        1,
        null,
        null,
        null,
        1,
        1,
        1,
        1,
        1,
        null,
        null,
        null,
        null,
        1,
        1,
        3,
        null,
        null,
        null,
        null,
        null,
        1,
        1,
        1,
        1,
        1,
        1,
        1,
        1,
        null,
        null,
        1,
        1,
        1,
        1,
        1,
        1,
        null,
        null,
        null,
        1,
        1,
        1,
        1,
        1,
        1,
        1,
        null,
        null
      ]
    },
    "timestamp": 1429705558
  }
}
