{
  "RSpec": {
    "coverage": {
      "/Users/edobrien/Documents/projects/rps-js/app/server.rb": [
        1,
        1,
        1,
        1,
        1,
        1,
        null,
        1,
        null,
        1,
        null,
        1,
        1,
        null,
        1,
        1,
        null,
        1,
        16,
        null,
        null,
        1,
        14,
        14,
        null,
        null,
        1,
        12,
        null,
        null,
        null,
        12,
        6,
        6,
        null,
        6,
        6,
        null,
        null,
        null,
        1,
        6,
        null,
        null,
        1,
        6,
        6,
        6,
        4,
        4,
        null,
        2,
        2,
        null,
        null,
        null,
        1,
        2,
        2,
        2,
        null,
        null,
        1,
        8,
        4,
        260,
        4,
        4,
        4,
        null,
        4,
        null,
        null,
        null,
        1,
        10,
        10,
        2,
        null,
        8,
        4,
        4,
        4,
        4,
        4,
        2,
        2,
        null,
        2,
        null,
        null,
        4,
        4,
        null,
        null,
        null,
        null,
        null,
        1,
        null,
        null
      ],
      "/Users/edobrien/Documents/projects/rps-js/app/data_mapper_setup.rb": [
        1,
        null,
        1,
        null,
        1,
        null,
        1,
        null,
        1
      ],
      "/Users/edobrien/Documents/projects/rps-js/app/models/user.rb": [
        1,
        null,
        1,
        null,
        1,
        null,
        1,
        1,
        null,
        1,
        null,
        1,
        1,
        1,
        null,
        1,
        1,
        null,
        1,
        null,
        null,
        1,
        28,
        28,
        null,
        null,
        1,
        6,
        6,
        null,
        null,
        null
      ],
      "/Users/edobrien/Documents/projects/rps-js/app/helpers/application.rb": [
        1,
        null,
        1,
        90,
        null,
        null,
        null
      ],
      "/Users/edobrien/Documents/Projects/rps-js/spec/features/user_management_spec.rb": [
        1,
        1,
        null,
        1,
        null,
        1,
        1,
        2,
        1,
        1,
        null,
        null,
        1,
        2,
        1,
        1,
        null,
        null,
        null,
        1,
        2,
        2,
        1,
        null,
        null,
        1,
        2,
        2,
        1,
        null,
        null,
        null,
        null,
        1,
        null,
        1,
        2,
        null,
        null,
        null,
        1,
        1,
        1,
        1,
        1,
        null,
        null,
        1,
        1,
        1,
        1,
        1,
        null,
        null,
        null,
        null,
        1,
        null,
        1,
        1,
        null,
        null,
        null,
        1,
        1,
        1,
        1,
        1,
        null,
        null,
        null,
        null,
        1,
        1,
        3,
        null,
        null,
        null,
        null,
        null,
        1,
        1,
        1,
        1,
        1,
        1,
        1,
        1,
        null,
        null,
        1,
        1,
        1,
        1,
        1,
        1,
        null,
        null,
        null,
        1,
        1,
        1,
        1,
        1,
        1,
        1,
        null,
        null
      ],
      "/Users/edobrien/Documents/Projects/rps-js/spec/features/helpers/sessions.rb": [
        1,
        null,
        1,
        0,
        0,
        0,
        0,
        null,
        null,
        1,
        null,
        0,
        0,
        0,
        0,
        0,
        0,
        0,
        null,
        null,
        1,
        0,
        0,
        0,
        0,
        null,
        null,
        1,
        null,
        0,
        0,
        0,
        null,
        null,
        null
      ],
      "/Users/edobrien/Documents/projects/rps-js/spec/features/user_management_spec.rb": [
        1,
        1,
        null,
        1,
        null,
        1,
        1,
        2,
        1,
        1,
        null,
        null,
        1,
        2,
        1,
        1,
        null,
        null,
        null,
        1,
        2,
        2,
        1,
        null,
        null,
        1,
        2,
        2,
        1,
        null,
        null,
        null,
        null,
        1,
        null,
        1,
        2,
        null,
        null,
        null,
        1,
        1,
        1,
        1,
        1,
        null,
        null,
        1,
        1,
        1,
        1,
        1,
        null,
        null,
        null,
        null,
        1,
        null,
        1,
        1,
        null,
        null,
        null,
        1,
        1,
        1,
        1,
        1,
        null,
        null,
        null,
        null,
        1,
        1,
        3,
        null,
        null,
        null,
        null,
        null,
        1,
        1,
        1,
        1,
        1,
        1,
        1,
        1,
        null,
        null,
        1,
        1,
        1,
        1,
        1,
        1,
        null,
        null,
        null,
        1,
        1,
        1,
        1,
        1,
        1,
        1,
        null,
        null
      ],
      "/Users/edobrien/Documents/projects/rps-js/spec/features/helpers/sessions.rb": [
        1,
        null,
        1,
        6,
        6,
        6,
        6,
        null,
        null,
        1,
        null,
        12,
        12,
        12,
        12,
        12,
        12,
        12,
        null,
        null,
        1,
        4,
        4,
        4,
        4,
        null,
        null,
        1,
        null,
        4,
        4,
        4,
        null,
        null,
        null
      ]
    },
    "timestamp": 1429612028
  }
}
